2024-06-05 17:15:50 - FileModifiedEvent - C:/Users/ruiaq/Downloads\desktop.ini - N/A - ruiaq
2024-06-05 17:16:00 - FileModifiedEvent - C:/Users/ruiaq/Downloads\2演este_ Revis緌 da tentativa.html - N/A - ruiaq
2024-06-05 17:16:01 - FileModifiedEvent - C:/Users/ruiaq/Downloads\2演este_ Revis緌 da tentativa_files\combo - N/A - ruiaq
2024-06-05 17:16:01 - FileModifiedEvent - C:/Users/ruiaq/Downloads\2演este_ Revis緌 da tentativa_files\combo(1) - N/A - ruiaq
2024-06-05 17:16:01 - FileModifiedEvent - C:/Users/ruiaq/Downloads\2演este_ Revis緌 da tentativa_files\javascript.php - N/A - ruiaq
2024-06-05 17:16:01 - FileModifiedEvent - C:/Users/ruiaq/Downloads\2演este_ Revis緌 da tentativa_files\javascript(1).php - N/A - ruiaq
2024-06-05 17:16:01 - FileModifiedEvent - C:/Users/ruiaq/Downloads\2演este_ Revis緌 da tentativa_files\javascript(2).php - N/A - ruiaq
2024-06-05 17:16:01 - FileModifiedEvent - C:/Users/ruiaq/Downloads\2演este_ Revis緌 da tentativa_files\combo(2) - N/A - ruiaq
2024-06-05 17:16:01 - FileModifiedEvent - C:/Users/ruiaq/Downloads\2演este_ Revis緌 da tentativa_files\MathJax.js.transferir - N/A - ruiaq
2024-06-05 17:16:01 - FileModifiedEvent - C:/Users/ruiaq/Downloads\2演este_ Revis緌 da tentativa_files\combo(3) - N/A - ruiaq
2024-06-05 17:16:01 - FileModifiedEvent - C:/Users/ruiaq/Downloads\2演este_ Revis緌 da tentativa_files\styles.php - N/A - ruiaq
2024-06-05 17:16:01 - FileModifiedEvent - C:/Users/ruiaq/Downloads\2演este_ Revis緌 da tentativa_files\javascript(3).php - N/A - ruiaq
2024-06-05 17:16:01 - FileModifiedEvent - C:/Users/ruiaq/Downloads\2演este_ Revis緌 da tentativa_files\javascript(4).php - N/A - ruiaq
2024-06-05 17:16:01 - FileModifiedEvent - C:/Users/ruiaq/Downloads\2演este_ Revis緌 da tentativa_files\combo(4) - N/A - ruiaq
2024-06-05 17:16:01 - FileModifiedEvent - C:/Users/ruiaq/Downloads\2演este_ Revis緌 da tentativa_files\javascript(5).php - N/A - ruiaq
2024-06-05 17:16:01 - FileModifiedEvent - C:/Users/ruiaq/Downloads\2演este_ Revis緌 da tentativa_files\arrow-left.svg - N/A - ruiaq
2024-06-05 17:16:01 - FileModifiedEvent - C:/Users/ruiaq/Downloads\2演este_ Revis緌 da tentativa_files\arrow-right.svg - N/A - ruiaq
2024-06-05 17:16:01 - FileModifiedEvent - C:/Users/ruiaq/Downloads\2演este_ Revis緌 da tentativa_files\monologo.svg - N/A - ruiaq
2024-06-05 17:16:01 - FileModifiedEvent - C:/Users/ruiaq/Downloads\2演este_ Revis緌 da tentativa_files\requirejs.php - N/A - ruiaq
2024-06-05 17:16:01 - FileModifiedEvent - C:/Users/ruiaq/Downloads\2演este_ Revis緌 da tentativa_files\unflagged.svg - N/A - ruiaq
2024-06-05 17:16:01 - FileModifiedEvent - C:/Users/ruiaq/Downloads\2演este_ Revis緌 da tentativa_files\javascript(6).php - N/A - ruiaq
2024-06-05 17:16:01 - FileModifiedEvent - C:/Users/ruiaq/Downloads\2演este_ Revis緌 da tentativa_files\requirejs(1).php - N/A - ruiaq
2024-06-05 17:16:01 - FileModifiedEvent - C:/Users/ruiaq/Downloads\2演este_ Revis緌 da tentativa_files\translateSandbox.html - N/A - ruiaq
2024-06-05 17:16:13 - FileModifiedEvent - C:/Users/ruiaq/Downloads\phone.png - N/A - ruiaq
2024-06-05 17:16:15 - FileModifiedEvent - C:/Users/ruiaq/Downloads\Tutorial Simplificado ecossistema de desenvolvimento web com Django.docx - N/A - ruiaq
2024-06-05 17:16:16 - FileCreatedEvent - C:/Users/ruiaq/Downloads\~$torial Simplificado ecossistema de desenvolvimento web com Django.docx - N/A - ruiaq
2024-06-05 17:16:16 - FileModifiedEvent - C:/Users/ruiaq/Downloads\~$torial Simplificado ecossistema de desenvolvimento web com Django.docx - N/A - ruiaq
2024-06-05 17:16:18 - FileDeletedEvent - C:/Users/ruiaq/Downloads\~$torial Simplificado ecossistema de desenvolvimento web com Django.docx - N/A - ruiaq
