2024-06-07 18:24:27 - FileCreatedEvent - C:/Users/ruiaq/Downloads\~$nvoice.docx - N/A - ruiaq
2024-06-07 18:24:27 - FileModifiedEvent - C:/Users/ruiaq/Downloads\~$nvoice.docx - N/A - ruiaq
2024-06-07 18:24:29 - FileDeletedEvent - C:/Users/ruiaq/Downloads\~$nvoice.docx - N/A - ruiaq
2024-06-07 18:33:37 - FileModifiedEvent - C:/Users/ruiaq/Downloads\2ºteste_ Revisão da tentativa.html - N/A - ruiaq
2024-06-07 18:33:38 - FileModifiedEvent - C:/Users/ruiaq/Downloads\2ºteste_ Revisão da tentativa_files\combo - N/A - ruiaq
2024-06-07 18:33:38 - FileModifiedEvent - C:/Users/ruiaq/Downloads\2ºteste_ Revisão da tentativa_files\combo(1) - N/A - ruiaq
2024-06-07 18:33:38 - FileModifiedEvent - C:/Users/ruiaq/Downloads\2ºteste_ Revisão da tentativa_files\javascript.php - N/A - ruiaq
2024-06-07 18:33:38 - FileModifiedEvent - C:/Users/ruiaq/Downloads\2ºteste_ Revisão da tentativa_files\javascript(1).php - N/A - ruiaq
2024-06-07 18:33:38 - FileModifiedEvent - C:/Users/ruiaq/Downloads\2ºteste_ Revisão da tentativa_files\javascript(2).php - N/A - ruiaq
2024-06-07 18:33:38 - FileModifiedEvent - C:/Users/ruiaq/Downloads\2ºteste_ Revisão da tentativa_files\combo(2) - N/A - ruiaq
2024-06-07 18:33:38 - FileModifiedEvent - C:/Users/ruiaq/Downloads\2ºteste_ Revisão da tentativa_files\MathJax.js.transferir - N/A - ruiaq
2024-06-07 18:33:38 - FileModifiedEvent - C:/Users/ruiaq/Downloads\2ºteste_ Revisão da tentativa_files\combo(3) - N/A - ruiaq
2024-06-07 18:33:38 - FileModifiedEvent - C:/Users/ruiaq/Downloads\2ºteste_ Revisão da tentativa_files\styles.php - N/A - ruiaq
2024-06-07 18:33:38 - FileModifiedEvent - C:/Users/ruiaq/Downloads\2ºteste_ Revisão da tentativa_files\javascript(3).php - N/A - ruiaq
2024-06-07 18:33:38 - FileModifiedEvent - C:/Users/ruiaq/Downloads\2ºteste_ Revisão da tentativa_files\javascript(4).php - N/A - ruiaq
2024-06-07 18:33:38 - FileModifiedEvent - C:/Users/ruiaq/Downloads\2ºteste_ Revisão da tentativa_files\combo(4) - N/A - ruiaq
2024-06-07 18:33:38 - FileModifiedEvent - C:/Users/ruiaq/Downloads\2ºteste_ Revisão da tentativa_files\javascript(5).php - N/A - ruiaq
2024-06-07 18:33:38 - FileModifiedEvent - C:/Users/ruiaq/Downloads\2ºteste_ Revisão da tentativa_files\arrow-left.svg - N/A - ruiaq
2024-06-07 18:33:38 - FileModifiedEvent - C:/Users/ruiaq/Downloads\2ºteste_ Revisão da tentativa_files\arrow-right.svg - N/A - ruiaq
2024-06-07 18:33:38 - FileModifiedEvent - C:/Users/ruiaq/Downloads\2ºteste_ Revisão da tentativa_files\requirejs.php - N/A - ruiaq
2024-06-07 18:33:38 - FileModifiedEvent - C:/Users/ruiaq/Downloads\2ºteste_ Revisão da tentativa_files\monologo.svg - N/A - ruiaq
2024-06-07 18:33:38 - FileModifiedEvent - C:/Users/ruiaq/Downloads\2ºteste_ Revisão da tentativa_files\unflagged.svg - N/A - ruiaq
2024-06-07 18:33:38 - FileModifiedEvent - C:/Users/ruiaq/Downloads\2ºteste_ Revisão da tentativa_files\requirejs(1).php - N/A - ruiaq
2024-06-07 18:33:38 - FileModifiedEvent - C:/Users/ruiaq/Downloads\2ºteste_ Revisão da tentativa_files\javascript(6).php - N/A - ruiaq
2024-06-07 18:33:38 - FileModifiedEvent - C:/Users/ruiaq/Downloads\2ºteste_ Revisão da tentativa_files\translateSandbox.html - N/A - ruiaq
2024-06-07 18:36:09 - FileModifiedEvent - C:\Users\ruiaq\Downloads\data-management.png - N/A - ruiaq
2024-06-07 18:36:10 - FileModifiedEvent - C:\Users\ruiaq\Downloads\1662475855774_iscte_sintra_pt_regular_vertical_main.png - N/A - ruiaq
2024-06-07 18:36:10 - FileModifiedEvent - C:\Users\ruiaq\Downloads\bar-chart.png - N/A - ruiaq
2024-06-07 23:03:47 - FileModifiedEvent - C:/Users/ruiaq/Desktop\hidden\Captura de ecrã 2024-06-03 120503.png - N/A - ruiaq
