2024-06-11 22:53:37 - FileModifiedEvent - C:/Users/ruiaq/Downloads\desktop.ini - N/A - ruiaq
2024-06-11 22:55:16 - FileCreatedEvent - C:/Users/ruiaq/Downloads\Quadro Branco de Brainstorm Mapa Mental Estilo Profissional Moderno Azul Rosa.png - N/A - ruiaq
2024-06-11 22:55:16 - FileDeletedEvent - C:/Users/ruiaq/Downloads\Quadro Branco de Brainstorm Mapa Mental Estilo Profissional Moderno Azul Rosa.png - N/A - ruiaq
2024-06-11 22:55:17 - FileMovedEvent - C:/Users/ruiaq/Downloads\a7f4abde-b422-4be2-b0e7-ec48910d66cc.tmp - C:/Users/ruiaq/Downloads\Quadro Branco de Brainstorm Mapa Mental Estilo Profissional Moderno Azul Rosa.png - ruiaq
2024-06-11 22:55:17 - FileModifiedEvent - C:/Users/ruiaq/Downloads\Quadro Branco de Brainstorm Mapa Mental Estilo Profissional Moderno Azul Rosa.png - N/A - ruiaq
2024-06-11 22:55:17 - FileModifiedEvent - C:/Users/ruiaq/Downloads\Quadro Branco de Brainstorm Mapa Mental Estilo Profissional Moderno Azul Rosa.png - N/A - ruiaq
2024-06-11 22:55:17 - FileModifiedEvent - C:/Users/ruiaq/Downloads\Quadro Branco de Brainstorm Mapa Mental Estilo Profissional Moderno Azul Rosa.png - N/A - ruiaq
2024-06-11 22:55:33 - FileModifiedEvent - C:/Users/ruiaq/Downloads\Quadro Branco de Brainstorm Mapa Mental Estilo Profissional Moderno Azul Rosa.png - N/A - ruiaq
2024-06-11 22:55:34 - FileModifiedEvent - C:/Users/ruiaq/Downloads\phone.png - N/A - ruiaq
2024-06-11 22:55:34 - FileModifiedEvent - C:/Users/ruiaq/Downloads\warning-sign.png - N/A - ruiaq
2024-06-11 22:55:34 - FileModifiedEvent - C:/Users/ruiaq/Downloads\xml.png - N/A - ruiaq
2024-06-11 22:55:34 - FileModifiedEvent - C:/Users/ruiaq/Downloads\transferir.png - N/A - ruiaq
2024-06-11 22:55:34 - FileModifiedEvent - C:/Users/ruiaq/Downloads\user.png - N/A - ruiaq
2024-06-11 22:55:34 - FileModifiedEvent - C:/Users/ruiaq/Downloads\data-management.png - N/A - ruiaq
2024-06-11 22:55:34 - FileModifiedEvent - C:/Users/ruiaq/Downloads\Novo_Logo_HEI2-removebg.png - N/A - ruiaq
2024-06-11 22:55:34 - FileModifiedEvent - C:/Users/ruiaq/Downloads\logo hackproof.png - N/A - ruiaq
2024-06-11 22:55:34 - FileModifiedEvent - C:/Users/ruiaq/Downloads\info.png - N/A - ruiaq
2024-06-11 22:55:34 - FileModifiedEvent - C:/Users/ruiaq/Downloads\1662475855774_iscte_sintra_pt_regular_vertical_main.png - N/A - ruiaq
2024-06-11 22:55:34 - FileModifiedEvent - C:/Users/ruiaq/Downloads\bar-chart.png - N/A - ruiaq
2024-06-11 22:55:34 - FileModifiedEvent - C:/Users/ruiaq/Downloads\logo_notext.jpeg - N/A - ruiaq
2024-06-11 22:56:17 - FileMovedEvent - C:/Users/ruiaq/Downloads\1c98c48e-0e14-4ae7-a268-914cd9b89c1d.tmp - C:/Users/ruiaq/Downloads\Quadro Branco de Brainstorm Mapa Mental Estilo Profissional Moderno Azul Rosa (1).png - ruiaq
2024-06-11 22:56:17 - FileDeletedEvent - C:/Users/ruiaq/Downloads\Quadro Branco de Brainstorm Mapa Mental Estilo Profissional Moderno Azul Rosa.png - N/A - ruiaq
2024-06-11 22:56:17 - FileMovedEvent - C:/Users/ruiaq/Downloads\Quadro Branco de Brainstorm Mapa Mental Estilo Profissional Moderno Azul Rosa (1).png - C:/Users/ruiaq/Downloads\Quadro Branco de Brainstorm Mapa Mental Estilo Profissional Moderno Azul Rosa.png - ruiaq
2024-06-11 22:56:17 - FileModifiedEvent - C:/Users/ruiaq/Downloads\Quadro Branco de Brainstorm Mapa Mental Estilo Profissional Moderno Azul Rosa.png - N/A - ruiaq
2024-06-11 22:56:17 - FileModifiedEvent - C:/Users/ruiaq/Downloads\Quadro Branco de Brainstorm Mapa Mental Estilo Profissional Moderno Azul Rosa.png - N/A - ruiaq
2024-06-11 22:56:17 - FileModifiedEvent - C:/Users/ruiaq/Downloads\Quadro Branco de Brainstorm Mapa Mental Estilo Profissional Moderno Azul Rosa.png - N/A - ruiaq
2024-06-11 22:56:45 - FileModifiedEvent - C:/Users/ruiaq/Downloads\Quadro Branco de Brainstorm Mapa Mental Estilo Profissional Moderno Azul Rosa.png - N/A - ruiaq
2024-06-11 23:22:33 - FileModifiedEvent - C:/Users/ruiaq/Downloads\python-3.12.3-amd64.exe - N/A - ruiaq
2024-06-11 23:24:41 - FileModifiedEvent - C:/Users/ruiaq/Downloads\django\.idea\dataSources\2630052d-163c-4883-8b9a-60a3070096a7\storage_v2\_src_\schema\main.uQUzAA.meta - N/A - ruiaq
2024-06-11 23:25:11 - FileMovedEvent - C:/Users/ruiaq/Downloads\django\.idea\dataSources\2630052d-163c-4883-8b9a-60a3070096a7.xml - C:/Users/ruiaq/Downloads\django\.idea\dataSources\2630052d-163c-4883-8b9a-60a3070096a7.xml~ - ruiaq
2024-06-11 23:25:11 - FileModifiedEvent - C:/Users/ruiaq/Downloads\django\.idea\dataSources\2630052d-163c-4883-8b9a-60a3070096a7.xml~ - N/A - ruiaq
2024-06-11 23:25:11 - FileMovedEvent - C:/Users/ruiaq/Downloads\django\.idea\dataSources\2630052d-163c-4883-8b9a-60a3070096a7.xml.tmp - C:/Users/ruiaq/Downloads\django\.idea\dataSources\2630052d-163c-4883-8b9a-60a3070096a7.xml - ruiaq
2024-06-11 23:25:11 - FileModifiedEvent - C:/Users/ruiaq/Downloads\django\.idea\dataSources\2630052d-163c-4883-8b9a-60a3070096a7.xml - N/A - ruiaq
2024-06-11 23:25:11 - FileDeletedEvent - C:/Users/ruiaq/Downloads\django\.idea\dataSources\2630052d-163c-4883-8b9a-60a3070096a7.xml~ - N/A - ruiaq
2024-06-12 00:01:00 - FileModifiedEvent - C:/Users/ruiaq/Downloads\desktop.ini - N/A - ruiaq
