2024-06-09 11:46:05 - FileCreatedEvent - C:/Users/ruiaq/Downloads\~$sistente Carlota.docx - N/A - ruiaq
2024-06-09 11:46:05 - FileModifiedEvent - C:/Users/ruiaq/Downloads\~$sistente Carlota.docx - N/A - ruiaq
2024-06-09 11:46:07 - FileDeletedEvent - C:/Users/ruiaq/Downloads\~$sistente Carlota.docx - N/A - ruiaq
2024-06-09 12:03:14 - FileCreatedEvent - C:/Users/ruiaq/Downloads\~$sistente Carlota.docx - N/A - ruiaq
2024-06-09 12:03:14 - FileModifiedEvent - C:/Users/ruiaq/Downloads\~$sistente Carlota.docx - N/A - ruiaq
2024-06-09 12:03:16 - FileDeletedEvent - C:/Users/ruiaq/Downloads\~$sistente Carlota.docx - N/A - ruiaq
2024-06-09 12:32:48 - FileModifiedEvent - C:/Users/ruiaq/Downloads\desktop.ini - N/A - ruiaq
2024-06-09 12:36:24 - FileModifiedEvent - C:/Users/ruiaq/Downloads\Invoice.docx - N/A - ruiaq
2024-06-09 12:36:25 - FileCreatedEvent - C:/Users/ruiaq/Downloads\~$nvoice.docx - N/A - ruiaq
2024-06-09 12:36:25 - FileModifiedEvent - C:/Users/ruiaq/Downloads\~$nvoice.docx - N/A - ruiaq
2024-06-09 12:36:27 - FileDeletedEvent - C:/Users/ruiaq/Downloads\~$nvoice.docx - N/A - ruiaq
2024-06-09 12:36:43 - FileDeletedEvent - C:/Users/ruiaq/Downloads\projeto-Iscte-escolha_ficheiros (1) - N/A - ruiaq
2024-06-09 12:36:45 - FileDeletedEvent - C:/Users/ruiaq/Downloads\projeto-Iscte-escolha_ficheiros - N/A - ruiaq
2024-06-09 13:52:58 - FileModifiedEvent - C:/Users/ruiaq/Downloads\desktop.ini - N/A - ruiaq
2024-06-09 14:57:56 - FileModifiedEvent - C:/Users/ruiaq/Downloads\desktop.ini - N/A - ruiaq
2024-06-09 15:48:41 - FileModifiedEvent - C:/Users/ruiaq/Downloads\python-3.12.3-amd64.exe - N/A - ruiaq
2024-06-09 15:48:42 - FileModifiedEvent - C:/Users/ruiaq/Downloads\SDS[LTDSI]_04387-1º teste-notas.pdf - N/A - ruiaq
2024-06-09 15:58:17 - FileModifiedEvent - C:/Users/ruiaq/Downloads\desktop.ini - N/A - ruiaq
2024-06-09 16:29:48 - FileModifiedEvent - C:/Users/ruiaq/Downloads\Invoice.docx - N/A - ruiaq
2024-06-09 16:29:54 - FileDeletedEvent - C:/Users/ruiaq/Downloads\Assistente Carlota.docx - N/A - ruiaq
2024-06-09 16:30:10 - FileCreatedEvent - C:/Users/ruiaq/Downloads\Assistente Carlota.docx - N/A - ruiaq
2024-06-09 16:30:10 - FileModifiedEvent - C:/Users/ruiaq/Downloads\Assistente Carlota.docx - N/A - ruiaq
2024-06-09 19:40:43 - FileModifiedEvent - C:/Users/ruiaq/Downloads\user.png - N/A - ruiaq
2024-06-09 19:40:44 - FileModifiedEvent - C:/Users/ruiaq/Downloads\user.png - N/A - ruiaq
2024-06-09 19:40:46 - FileModifiedEvent - C:/Users/ruiaq/Downloads\transferir.png - N/A - ruiaq
2024-06-09 19:40:46 - FileModifiedEvent - C:/Users/ruiaq/Downloads\xml.png - N/A - ruiaq
2024-06-09 19:40:46 - FileModifiedEvent - C:/Users/ruiaq/Downloads\warning-sign.png - N/A - ruiaq
2024-06-09 19:40:47 - FileModifiedEvent - C:/Users/ruiaq/Downloads\data-management.png - N/A - ruiaq
2024-06-09 19:40:47 - FileModifiedEvent - C:/Users/ruiaq/Downloads\logo hackproof.png - N/A - ruiaq
2024-06-09 19:40:47 - FileModifiedEvent - C:/Users/ruiaq/Downloads\phone.png - N/A - ruiaq
2024-06-09 19:40:47 - FileModifiedEvent - C:/Users/ruiaq/Downloads\1662475855774_iscte_sintra_pt_regular_vertical_main.png - N/A - ruiaq
2024-06-09 19:40:47 - FileModifiedEvent - C:/Users/ruiaq/Downloads\info.png - N/A - ruiaq
2024-06-09 19:40:47 - FileModifiedEvent - C:/Users/ruiaq/Downloads\bar-chart.png - N/A - ruiaq
2024-06-09 19:40:47 - FileModifiedEvent - C:/Users/ruiaq/Downloads\Novo_Logo_HEI2-removebg.png - N/A - ruiaq
2024-06-09 19:40:47 - FileModifiedEvent - C:/Users/ruiaq/Downloads\logo_notext.jpeg - N/A - ruiaq
