2024-06-13 20:52:23 - FileModifiedEvent - C:/Users/Tiago Jesus/Downloads\mxbikes-beta18f.exe - N/A - Tiago Jesus
2024-06-13 20:52:23 - FileModifiedEvent - C:/Users/Tiago Jesus/Downloads\whql-amd-software-adrenalin-edition-22.11.2-win10-win11-dec8.exe - N/A - Tiago Jesus
2024-06-13 21:07:10 - FileModifiedEvent - C:/Users/Tiago Jesus/Downloads\desktop.ini - N/A - Tiago Jesus
2024-06-13 21:19:49 - FileModifiedEvent - C:/Users/Tiago Jesus/Downloads\B9ECED6F.ASUSPCAssistant_qmba6cd70vzyy!App\desktop.ini - N/A - Tiago Jesus
2024-06-13 21:19:57 - FileCreatedEvent - C:/Users/Tiago Jesus/Downloads\estatistica do presente mes.png - N/A - Tiago Jesus
2024-06-13 21:19:57 - FileDeletedEvent - C:/Users/Tiago Jesus/Downloads\estatistica do presente mes.png - N/A - Tiago Jesus
2024-06-13 21:19:57 - FileCreatedEvent - C:/Users/Tiago Jesus/Downloads\estatistica do presente mes.png - N/A - Tiago Jesus
2024-06-13 21:19:57 - FileModifiedEvent - C:/Users/Tiago Jesus/Downloads\estatistica do presente mes.png - N/A - Tiago Jesus
2024-06-13 21:19:58 - FileModifiedEvent - C:/Users/Tiago Jesus/Downloads\estatistica do presente mes.png - N/A - Tiago Jesus
2024-06-13 21:20:18 - FileCreatedEvent - C:/Users/Tiago Jesus/Downloads\tipos de acessos.png - N/A - Tiago Jesus
2024-06-13 21:20:18 - FileDeletedEvent - C:/Users/Tiago Jesus/Downloads\tipos de acessos.png - N/A - Tiago Jesus
2024-06-13 21:20:18 - FileCreatedEvent - C:/Users/Tiago Jesus/Downloads\tipos de acessos.png - N/A - Tiago Jesus
2024-06-13 21:20:18 - FileModifiedEvent - C:/Users/Tiago Jesus/Downloads\tipos de acessos.png - N/A - Tiago Jesus
2024-06-13 21:20:18 - FileModifiedEvent - C:/Users/Tiago Jesus/Downloads\tipos de acessos.png - N/A - Tiago Jesus
2024-06-13 21:21:00 - FileCreatedEvent - C:/Users/Tiago Jesus/Downloads\estatistica desde sempre.png - N/A - Tiago Jesus
2024-06-13 21:21:00 - FileDeletedEvent - C:/Users/Tiago Jesus/Downloads\estatistica desde sempre.png - N/A - Tiago Jesus
2024-06-13 21:21:00 - FileCreatedEvent - C:/Users/Tiago Jesus/Downloads\estatistica desde sempre.png - N/A - Tiago Jesus
2024-06-13 21:21:00 - FileModifiedEvent - C:/Users/Tiago Jesus/Downloads\estatistica desde sempre.png - N/A - Tiago Jesus
2024-06-13 21:21:00 - FileModifiedEvent - C:/Users/Tiago Jesus/Downloads\estatistica desde sempre.png - N/A - Tiago Jesus
2024-06-13 21:22:38 - FileModifiedEvent - C:/Users/Tiago Jesus/Downloads\Install League of Legends euw.exe - N/A - Tiago Jesus
2024-06-13 21:22:38 - FileModifiedEvent - C:/Users/Tiago Jesus/Downloads\MediaCreationTool_22H2.exe - N/A - Tiago Jesus
2024-06-13 21:22:41 - FileDeletedEvent - C:/Users/Tiago Jesus/Downloads\tipos de acessos.png - N/A - Tiago Jesus
2024-06-13 21:22:41 - FileDeletedEvent - C:/Users/Tiago Jesus/Downloads\estatistica do presente mes.png - N/A - Tiago Jesus
2024-06-13 21:22:41 - FileDeletedEvent - C:/Users/Tiago Jesus/Downloads\estatistica desde sempre.png - N/A - Tiago Jesus
2024-06-13 21:58:52 - FileCreatedEvent - C:/Users/Tiago Jesus/Downloads\alertas.png - N/A - Tiago Jesus
2024-06-13 21:58:52 - FileDeletedEvent - C:/Users/Tiago Jesus/Downloads\alertas.png - N/A - Tiago Jesus
2024-06-13 21:58:52 - FileCreatedEvent - C:/Users/Tiago Jesus/Downloads\alertas.png - N/A - Tiago Jesus
2024-06-13 21:58:52 - FileModifiedEvent - C:/Users/Tiago Jesus/Downloads\alertas.png - N/A - Tiago Jesus
2024-06-13 21:58:53 - FileModifiedEvent - C:/Users/Tiago Jesus/Downloads\alertas.png - N/A - Tiago Jesus
2024-06-13 21:59:16 - FileDeletedEvent - C:/Users/Tiago Jesus/Downloads\alertas.png - N/A - Tiago Jesus
2024-06-13 22:10:57 - FileModifiedEvent - C:/Users/Tiago Jesus/Downloads\desktop.ini - N/A - Tiago Jesus
2024-06-13 22:24:57 - FileModifiedEvent - C:/Users/Tiago Jesus/Downloads\B9ECED6F.ASUSPCAssistant_qmba6cd70vzyy!App\desktop.ini - N/A - Tiago Jesus
2024-06-13 22:25:03 - FileCreatedEvent - C:/Users/Tiago Jesus/Downloads\relatorio.jpg - N/A - Tiago Jesus
2024-06-13 22:25:03 - FileDeletedEvent - C:/Users/Tiago Jesus/Downloads\relatorio.jpg - N/A - Tiago Jesus
2024-06-13 22:25:04 - FileCreatedEvent - C:/Users/Tiago Jesus/Downloads\relatorio.jpg - N/A - Tiago Jesus
2024-06-13 22:25:04 - FileModifiedEvent - C:/Users/Tiago Jesus/Downloads\relatorio.jpg - N/A - Tiago Jesus
2024-06-13 22:25:04 - FileModifiedEvent - C:/Users/Tiago Jesus/Downloads\relatorio.jpg - N/A - Tiago Jesus
2024-06-13 22:25:04 - FileModifiedEvent - C:/Users/Tiago Jesus/Downloads\relatorio.jpg - N/A - Tiago Jesus
2024-06-13 22:25:04 - FileModifiedEvent - C:/Users/Tiago Jesus/Downloads\relatorio.jpg - N/A - Tiago Jesus
2024-06-13 22:25:04 - FileModifiedEvent - C:/Users/Tiago Jesus/Downloads\relatorio.jpg - N/A - Tiago Jesus
2024-06-13 22:25:28 - FileDeletedEvent - C:/Users/Tiago Jesus/Downloads\relatorio.jpg - N/A - Tiago Jesus
2024-06-13 22:43:13 - FileCreatedEvent - C:/Users/Tiago Jesus/Downloads\imagem 1 site.png - N/A - Tiago Jesus
2024-06-13 22:43:13 - FileDeletedEvent - C:/Users/Tiago Jesus/Downloads\imagem 1 site.png - N/A - Tiago Jesus
2024-06-13 22:43:13 - FileCreatedEvent - C:/Users/Tiago Jesus/Downloads\imagem 1 site.png - N/A - Tiago Jesus
2024-06-13 22:43:13 - FileModifiedEvent - C:/Users/Tiago Jesus/Downloads\imagem 1 site.png - N/A - Tiago Jesus
2024-06-13 22:43:14 - FileModifiedEvent - C:/Users/Tiago Jesus/Downloads\imagem 1 site.png - N/A - Tiago Jesus
2024-06-13 22:43:42 - FileCreatedEvent - C:/Users/Tiago Jesus/Downloads\imagem 2 site.png - N/A - Tiago Jesus
2024-06-13 22:43:42 - FileDeletedEvent - C:/Users/Tiago Jesus/Downloads\imagem 2 site.png - N/A - Tiago Jesus
2024-06-13 22:43:42 - FileCreatedEvent - C:/Users/Tiago Jesus/Downloads\imagem 2 site.png - N/A - Tiago Jesus
2024-06-13 22:43:42 - FileModifiedEvent - C:/Users/Tiago Jesus/Downloads\imagem 2 site.png - N/A - Tiago Jesus
2024-06-13 22:43:42 - FileModifiedEvent - C:/Users/Tiago Jesus/Downloads\imagem 2 site.png - N/A - Tiago Jesus
2024-06-13 22:44:08 - FileCreatedEvent - C:/Users/Tiago Jesus/Downloads\imagem 3 site.png - N/A - Tiago Jesus
2024-06-13 22:44:08 - FileDeletedEvent - C:/Users/Tiago Jesus/Downloads\imagem 3 site.png - N/A - Tiago Jesus
2024-06-13 22:44:08 - FileCreatedEvent - C:/Users/Tiago Jesus/Downloads\imagem 3 site.png - N/A - Tiago Jesus
2024-06-13 22:44:08 - FileModifiedEvent - C:/Users/Tiago Jesus/Downloads\imagem 3 site.png - N/A - Tiago Jesus
2024-06-13 22:44:08 - FileModifiedEvent - C:/Users/Tiago Jesus/Downloads\imagem 3 site.png - N/A - Tiago Jesus
2024-06-13 22:44:38 - FileCreatedEvent - C:/Users/Tiago Jesus/Downloads\imagem 4 site.png - N/A - Tiago Jesus
2024-06-13 22:44:38 - FileDeletedEvent - C:/Users/Tiago Jesus/Downloads\imagem 4 site.png - N/A - Tiago Jesus
2024-06-13 22:44:38 - FileCreatedEvent - C:/Users/Tiago Jesus/Downloads\imagem 4 site.png - N/A - Tiago Jesus
2024-06-13 22:44:38 - FileModifiedEvent - C:/Users/Tiago Jesus/Downloads\imagem 4 site.png - N/A - Tiago Jesus
2024-06-13 22:44:38 - FileModifiedEvent - C:/Users/Tiago Jesus/Downloads\imagem 4 site.png - N/A - Tiago Jesus
2024-06-13 22:50:41 - FileCreatedEvent - C:/Users/Tiago Jesus/Downloads\imagem 5 site.png - N/A - Tiago Jesus
2024-06-13 22:50:41 - FileDeletedEvent - C:/Users/Tiago Jesus/Downloads\imagem 5 site.png - N/A - Tiago Jesus
2024-06-13 22:50:41 - FileCreatedEvent - C:/Users/Tiago Jesus/Downloads\imagem 5 site.png - N/A - Tiago Jesus
2024-06-13 22:50:41 - FileModifiedEvent - C:/Users/Tiago Jesus/Downloads\imagem 5 site.png - N/A - Tiago Jesus
2024-06-13 22:50:41 - FileModifiedEvent - C:/Users/Tiago Jesus/Downloads\imagem 5 site.png - N/A - Tiago Jesus
2024-06-13 22:53:35 - FileCreatedEvent - C:/Users/Tiago Jesus/Downloads\imagem 6 site.png - N/A - Tiago Jesus
2024-06-13 22:53:35 - FileDeletedEvent - C:/Users/Tiago Jesus/Downloads\imagem 6 site.png - N/A - Tiago Jesus
2024-06-13 22:53:35 - FileCreatedEvent - C:/Users/Tiago Jesus/Downloads\imagem 6 site.png - N/A - Tiago Jesus
2024-06-13 22:53:35 - FileModifiedEvent - C:/Users/Tiago Jesus/Downloads\imagem 6 site.png - N/A - Tiago Jesus
2024-06-13 22:53:35 - FileModifiedEvent - C:/Users/Tiago Jesus/Downloads\imagem 6 site.png - N/A - Tiago Jesus
2024-06-13 22:55:02 - FileCreatedEvent - C:/Users/Tiago Jesus/Downloads\imagem 7 site.png - N/A - Tiago Jesus
2024-06-13 22:55:02 - FileDeletedEvent - C:/Users/Tiago Jesus/Downloads\imagem 7 site.png - N/A - Tiago Jesus
2024-06-13 22:55:02 - FileCreatedEvent - C:/Users/Tiago Jesus/Downloads\imagem 7 site.png - N/A - Tiago Jesus
2024-06-13 22:55:02 - FileModifiedEvent - C:/Users/Tiago Jesus/Downloads\imagem 7 site.png - N/A - Tiago Jesus
2024-06-13 22:55:02 - FileModifiedEvent - C:/Users/Tiago Jesus/Downloads\imagem 7 site.png - N/A - Tiago Jesus
2024-06-13 22:57:02 - FileCreatedEvent - C:/Users/Tiago Jesus/Downloads\imagem 8 site.png - N/A - Tiago Jesus
2024-06-13 22:57:02 - FileDeletedEvent - C:/Users/Tiago Jesus/Downloads\imagem 8 site.png - N/A - Tiago Jesus
2024-06-13 22:57:02 - FileCreatedEvent - C:/Users/Tiago Jesus/Downloads\imagem 8 site.png - N/A - Tiago Jesus
2024-06-13 22:57:02 - FileModifiedEvent - C:/Users/Tiago Jesus/Downloads\imagem 8 site.png - N/A - Tiago Jesus
2024-06-13 22:57:02 - FileModifiedEvent - C:/Users/Tiago Jesus/Downloads\imagem 8 site.png - N/A - Tiago Jesus
2024-06-13 22:58:35 - FileCreatedEvent - C:/Users/Tiago Jesus/Downloads\imagem 9 site.png - N/A - Tiago Jesus
2024-06-13 22:58:35 - FileDeletedEvent - C:/Users/Tiago Jesus/Downloads\imagem 9 site.png - N/A - Tiago Jesus
2024-06-13 22:58:35 - FileCreatedEvent - C:/Users/Tiago Jesus/Downloads\imagem 9 site.png - N/A - Tiago Jesus
2024-06-13 22:58:35 - FileModifiedEvent - C:/Users/Tiago Jesus/Downloads\imagem 9 site.png - N/A - Tiago Jesus
2024-06-13 22:58:35 - FileModifiedEvent - C:/Users/Tiago Jesus/Downloads\imagem 9 site.png - N/A - Tiago Jesus
2024-06-13 22:58:35 - FileModifiedEvent - C:/Users/Tiago Jesus/Downloads\imagem 9 site.png - N/A - Tiago Jesus
2024-06-13 22:58:35 - FileModifiedEvent - C:/Users/Tiago Jesus/Downloads\imagem 9 site.png - N/A - Tiago Jesus
2024-06-13 22:58:53 - FileModifiedEvent - C:/Users/Tiago Jesus/Downloads\imagem 9 site.png - N/A - Tiago Jesus
2024-06-13 22:58:58 - FileModifiedEvent - C:/Users/Tiago Jesus/Downloads\Diagrama de fluxo.jpg - N/A - Tiago Jesus
2024-06-13 22:58:58 - FileModifiedEvent - C:/Users/Tiago Jesus/Downloads\logo_fundo_branco-removebg-preview.png - N/A - Tiago Jesus
2024-06-13 22:58:58 - FileModifiedEvent - C:/Users/Tiago Jesus/Downloads\logo sem letras-Photoroom.png-Photoroom.png - N/A - Tiago Jesus
2024-06-13 22:58:58 - FileModifiedEvent - C:/Users/Tiago Jesus/Downloads\AdobeStock_255127945_Preview.png - N/A - Tiago Jesus
2024-06-13 22:58:58 - FileModifiedEvent - C:/Users/Tiago Jesus/Downloads\Design sem nome (8).png - N/A - Tiago Jesus
2024-06-13 22:58:58 - FileModifiedEvent - C:/Users/Tiago Jesus/Downloads\image.jpg - N/A - Tiago Jesus
2024-06-13 22:58:58 - FileModifiedEvent - C:/Users/Tiago Jesus/Downloads\logo_hackproof-removebg-preview.png - N/A - Tiago Jesus
2024-06-13 22:58:58 - FileModifiedEvent - C:/Users/Tiago Jesus/Downloads\logoooo-removebg-preview.png - N/A - Tiago Jesus
2024-06-13 22:58:58 - FileModifiedEvent - C:/Users/Tiago Jesus/Downloads\logo sem letras.png - N/A - Tiago Jesus
2024-06-13 22:58:58 - FileModifiedEvent - C:/Users/Tiago Jesus/Downloads\logo fundo branco.jpg - N/A - Tiago Jesus
2024-06-13 22:58:58 - FileModifiedEvent - C:/Users/Tiago Jesus/Downloads\logo sem fundo pequeno1.png - N/A - Tiago Jesus
2024-06-13 22:58:58 - FileModifiedEvent - C:/Users/Tiago Jesus/Downloads\1000_F_255127945_ckcmPmBmoZjV6PgHwuP9Uq9huwe7s66K.jpg - N/A - Tiago Jesus
2024-06-13 22:58:59 - FileModifiedEvent - C:/Users/Tiago Jesus/Downloads\marreca top.png - N/A - Tiago Jesus
2024-06-13 22:58:59 - FileModifiedEvent - C:/Users/Tiago Jesus/Downloads\Imagem WhatsApp 2024-05-10 às 20.46.48_ced92d6c.jpg - N/A - Tiago Jesus
2024-06-13 22:58:59 - FileModifiedEvent - C:/Users/Tiago Jesus/Downloads\Design sem nome (7)-modified.png - N/A - Tiago Jesus
2024-06-13 22:58:59 - FileModifiedEvent - C:/Users/Tiago Jesus/Downloads\marreca_top-removebg.png - N/A - Tiago Jesus
2024-06-13 22:58:59 - FileModifiedEvent - C:/Users/Tiago Jesus/Downloads\Design sem nome (6).png - N/A - Tiago Jesus
2024-06-13 22:58:59 - FileModifiedEvent - C:/Users/Tiago Jesus/Downloads\Design sem nome (7).png - N/A - Tiago Jesus
2024-06-13 22:58:59 - FileModifiedEvent - C:/Users/Tiago Jesus/Downloads\cervejas.jpg - N/A - Tiago Jesus
2024-06-13 22:58:59 - FileModifiedEvent - C:/Users/Tiago Jesus/Downloads\marreca-modified.png - N/A - Tiago Jesus
2024-06-13 22:58:59 - FileModifiedEvent - C:/Users/Tiago Jesus/Downloads\30d58f0c-bd1c-4200-a490-aa0c5943803e.1e19814d93be3acbc830980ff6ab276c.png - N/A - Tiago Jesus
2024-06-13 22:58:59 - FileModifiedEvent - C:/Users/Tiago Jesus/Downloads\30d58f0c-bd1c-4200-a490-aa0c5943803e.1e19814d93be3acbc830980ff6ab276c.webp - N/A - Tiago Jesus
2024-06-13 22:58:59 - FileModifiedEvent - C:/Users/Tiago Jesus/Downloads\istockphoto-1415935825-1024x1024.jpg - N/A - Tiago Jesus
2024-06-13 22:59:00 - FileModifiedEvent - C:/Users/Tiago Jesus/Downloads\iphone-8-mockup-downloadable.png - N/A - Tiago Jesus
2024-06-13 22:59:00 - FileModifiedEvent - C:/Users/Tiago Jesus/Downloads\Video app1.mp4 - N/A - Tiago Jesus
