2024-06-05 15:14:29 - FileModifiedEvent - C:/Users/ruiaq/Downloads\application-87f328f7-4915-4dd1-b91f-32d5258c27ae.aab - N/A - ruiaq
2024-06-05 15:16:29 - FileModifiedEvent - C:/Users/ruiaq/Downloads\django.rar - N/A - ruiaq
2024-06-05 15:19:09 - FileModifiedEvent - C:/Users/ruiaq/Downloads\django_atualizado.rar - N/A - ruiaq
2024-06-05 15:20:14 - FileModifiedEvent - C:/Users/ruiaq/Downloads\GoogleService-Info.plist - N/A - ruiaq
2024-06-05 15:21:02 - FileModifiedEvent - C:/Users/ruiaq/Downloads\logo hackproof.png - N/A - ruiaq
2024-06-05 15:21:03 - FileModifiedEvent - C:/Users/ruiaq/Downloads\LoginPage.js - N/A - ruiaq
2024-06-05 15:23:52 - FileModifiedEvent - C:/Users/ruiaq/Downloads\info.png - N/A - ruiaq
2024-06-05 15:23:52 - FileModifiedEvent - C:/Users/ruiaq/Downloads\data-management.png - N/A - ruiaq
2024-06-05 15:24:00 - FileModifiedEvent - C:/Users/ruiaq/Downloads\plano_financeiro[27].xlsm - N/A - ruiaq
2024-06-05 15:24:00 - FileModifiedEvent - C:/Users/ruiaq/Downloads\plano_financeiro[27].xlsm - N/A - ruiaq
2024-06-05 15:24:02 - FileCreatedEvent - C:/Users/ruiaq/Downloads\~$plano_financeiro[27].xlsm - N/A - ruiaq
2024-06-05 15:24:02 - FileModifiedEvent - C:/Users/ruiaq/Downloads\~$plano_financeiro[27].xlsm - N/A - ruiaq
2024-06-05 15:24:02 - FileModifiedEvent - C:/Users/ruiaq/Downloads\~$plano_financeiro[27].xlsm - N/A - ruiaq
2024-06-05 15:24:02 - FileDeletedEvent - C:/Users/ruiaq/Downloads\~$plano_financeiro[27].xlsm - N/A - ruiaq
2024-06-05 15:48:42 - FileModifiedEvent - C:/Users/ruiaq/Downloads\Register.js - N/A - ruiaq
2024-06-05 15:57:23 - FileModifiedEvent - C:/Users/ruiaq/Downloads\desktop.ini - N/A - ruiaq
2024-06-05 16:02:11 - FileModifiedEvent - C:/Users/ruiaq/Downloads\Relatório pedido de patente.pdf - N/A - ruiaq
2024-06-05 16:03:12 - FileModifiedEvent - C:/Users/ruiaq/Downloads\xml.png - N/A - ruiaq
2024-06-05 16:03:13 - FileModifiedEvent - C:/Users/ruiaq/Downloads\user.png - N/A - ruiaq
2024-06-05 16:03:13 - FileModifiedEvent - C:/Users/ruiaq/Downloads\warning-sign.png - N/A - ruiaq
2024-06-05 16:03:13 - FileModifiedEvent - C:/Users/ruiaq/Downloads\phone.png - N/A - ruiaq
2024-06-05 16:03:13 - FileModifiedEvent - C:/Users/ruiaq/Downloads\transferir.png - N/A - ruiaq
